<?xml version="1.0" encoding="UTF-8"?>
<!-- Generated by org.testng.reporters.JUnitReportReporter -->
<testsuite hostname="Sakshams-MacBook-Air.local" failures="0" tests="1" name="Features.Runner" time="34.062" errors="0" timestamp="2025-03-03T01:35:20 IST" skipped="0">
  <testcase classname="Features.Runner" name="runScenario" time="34.062"/>
</testsuite> <!-- Features.Runner -->
