<?xml version="1.0" encoding="UTF-8"?>
<!-- Generated by org.testng.reporters.JUnitReportReporter -->
<testsuite hostname="Sakshams-MacBook-Air.local" failures="0" tests="2" name="SeleniumPrep.FullSeleniumFramework.MainScript" time="28.066" errors="0" timestamp="2025-03-02T06:52:04 IST" skipped="0">
  <testcase classname="SeleniumPrep.FullSeleniumFramework.MainScript" name="main" time="9.128"/>
  <testcase classname="SeleniumPrep.FullSeleniumFramework.MainScript" name="verifyShopping" time="18.938"/>
</testsuite> <!-- SeleniumPrep.FullSeleniumFramework.MainScript -->
